[   0.000000] Initializing cgroup subsys cpuset
[    0.000000] Initializing cgroup subsys cpu
[    0.000000] Initializing cgroup subsyys cpuacct
[    0.000000] Linux version 4.4.0-138-generic (buildd@lcy01-amd64-006) (gcc version 5.4.0 20160609 (Ubuntu 5.4.0-6ubuntu1~16.04.10) ) #164-Ubuntu SMP Tue Oct 2 17:16:02 UTC 2018 (Ubuntu 4.4.0-138.164-generic 4.4.155)
[    0.000000] Command line: BOOT_IMAGE=/boot/vmlinuz-4.4.0-138-generic root=LABEL=cloudimg-rootfs ro console=tty1 console=ttyS0
[    0.000000] KERNEL supported cpus:
[    0.000000]   Intel GenuineIntel
[    0.000000]   AMD AuthenticAMD
[    0.000000]   Centaur CentaurHauls
[    0.000000] x86/fpu: xstate_offset[2]:  576, xstate_sizes[2]:  256
[    0.000000] x86/fpu: Supporting XSAVE feature 0x01: 'x87 floating point registers'
[    0.000000] x86/fpu: Supporting XSAVE feature 0x02: 'SSE registers'
[    0.000000] x86/fpu: Supporting XSAVE feature 0x04: 'AVX registers'
[    0.000000] x86/fpu: Enabled xstate features 0x7, context size is 832 bytes, using 'standard' format.
[    0.000000] e820: BIOS-provided physical RAM map:
[    0.000000] BIOS-e820: [mem 0x0000000000000000-0x000000000009fbff] usable
[    0.000000] BIOS-e820: [mem 0x000000000009fc00-0x000000000009ffff] reserved
[    0.000000] BIOS-e820: [mem 0x00000000000f0000-0x00000000000fffff] reserved
[    0.000000] BIOS-e820: [mem 0x0000000000100000-0x000000003ffeffff] usable
[    0.000000] BIOS-e820: [mem 0x000000003fff0000-0x000000003fffffff] ACPI data
[    0.000000] BIOS-e820: [mem 0x00000000fec00000-0x00000000fec00fff] reserved
[    0.000000] BIOS-e820: [mem 0x00000000fee00000-0x00000000fee00fff] reserved
[    0.000000] BIOS-e820: [mem 0x00000000fffc0000-0x00000000ffffffff] reserved
[    0.000000] NX (Execute Disable) protection: active
[    0.000000] SMBIOS 2.5 present.
[    0.000000] Hypervisor detected: KVM
[    0.000000] e820: last_pfn = 0x3fff0 max_arch_pfn = 0x400000000
[    0.000000] MTRR: Disabled
[    0.000000] x86/PAT: MTRRs disabled, skipping PAT initialization too.
[    0.000000] CPU MTRRs all blank - virtualized system.
[    0.000000] x86/PAT: Configuration [0-7]: WB  WT  UC- UC  WB  WT  UC- UC  
[    0.000000] found SMP MP-table at [mem 0x0009fff0-0x0009ffff] mapped at [ffff88000009fff0]
[    0.000000] Scanning 1 areas for low memory corruption
[    0.000000] RAMDISK: [mem 0x3630a000-0x3717cfff]
[    0.000000] ACPI: Early table checksum verification disabled
[    0.000000] ACPI: RSDP 0x00000000000E0000 000024 (v02 VBOX  )
[    0.000000] ACPI: XSDT 0x000000003FFF0030 00003C (v01 VBOX   VBOXXSDT 00000001 ASL  00000061)
[    0.000000] ACPI: FACP 0x000000003FFF00F0 0000F4 (v04 VBOX   VBOXFACP 00000001 ASL  00000061)
[    0.000000] ACPI: DSDT 0x000000003FFF0470 0021FF (v02 VBOX   VBOXBIOS 00000002 INTL 20100528)
[    0.000000] ACPI: FACS 0x000000003FFF0200 000040
[    0.000000] ACPI: FACS 0x000000003FFF0200 000040
[    0.000000] ACPI: APIC 0x000000003FFF0240 00005C (v02 VBOX   VBOXAPIC 00000001 ASL  00000061)
[    0.000000] ACPI: SSDT 0x000000003FFF02A0 0001CC (v01 VBOX   VBOXCPUT 00000002 INTL 20100528)
[    0.000000] No NUMA configuration found
[    0.000000] Faking a node at [mem 0x0000000000000000-0x000000003ffeffff]
[   0.000000] NODE_DATA(0) allocated [mem 0x3ffeb000-0x3ffeffff]
[    0.000000] kvm-clock: Using msrs 4b564d01 and 4b564d00
[    0.000000] kvm-clock: cpu 0, msr 0:3ffe3001, primary cpu clock
[    0.000000] kvm-clock: using sched offset of 4397755607 cycles
[    0.000000] clocksource: kvm-clock: mask: 0xffffffffffffffff max_cycles: 0x1cd42e4dffb, max_idle_ns: 881590591483 ns
[    0.0000] Zone ranges:
[    0.000000]   DMA      [mem 0x0000000000001000-0x0000000000ffffff]
[    0.000000]   DMA32    [mem 0x0000000001000000-0x000000003ffeffff]
[    0.000000]   Normal   empty
[    0.000000]   Device   empty
[    0.000000] Movable zone start for each node
[    0.000000] Early memory node ranges
[    0.000000]   node   0: [mem 0x0000000000001000-0x000000000009efff]
[    0.000000]   node   0: [mem 0x0000000000100000-0x000000003ffeffff]
[    0.000000] Initmem setup node 0 [mem 0x0000000000001000-0x000000003ffefffff]
[    0.000000] ACPI: PM-Timer IO Port: 0x4008
[    0.000000] IOAPIC[0]: apic_id 2, version 32, address 0xfec00000, GSI 0-23
[    0.000000] ACPI: INT_SRC_OVR (bus 0 bus_irq 0 global_irq 2 dfl dfl)
[    0.000000] ACPI: INT_SRC_OVR (bus 0 bus_irq 9 global_irq 9 low level)
[    0.000000] Using ACPI (MADT) for SMP configuration information
[    0.000000] smpboot: Allowing 2 CPUs, 0 hotplug CPUs
[    0.000000] PM: Registered nosave memory: [mem 0x00000000-0x00000fff]
[    0.000000] PM: Registered nosave memory: [mem 0x0009f000-0x0009ffff]
[    0.000000] PM: Registered nosave memory: [mem 0x000a0000-0x000effff]
[    0.000000] PM: Registered nosave memory: [mem 0x000f0000-0x000fffff]
[    0.000000] e820: [mem 0x40000000-0xfebfffff] available for PCI devices
[    0.000000] Booting paravirtualized kernel on KVM
[    0.000000] clocksource: refined-jiffies: mask: 0xffffffff max_cycles: 0xffffffff, max_idle_ns: 7645519600211568 ns
[    0.000000] setup_percpu: NR_CPUS:512 nr_cpumask_bits:512 nr_cpu_ids:2 nr_node_ids:1
[    0.000000] PERCPU: Embedded 34 pages/cpu @ffff88003fc00000 s99608 r8192 d31464 u1048576
[    0.000000] PV qspinlock hash table entries: 256 (order: 0, 4096 bytes)
[    0.000000] Built 1 zonelists in Node order, mobily grouping on.  Total pages: 257912
[    0.000000] Policy zone: DMA32
[    0.000000] Kernel command line: BOOT_IMAGE=/boot/vmlinu-44.0-138-generic root=LABEL=cloudimg-rootfs ro console=tty1 console=ttyS0
[    0.000000] PID hash table entries: 4096 (order: 3, 32768 bytes)
[   0.000000] Memory: 997708K/1048120K available (8563K kernel code, 1314K rwdata, 4004K rodata, 1528K init, 1316K bss, 50412K reservd, 0K cma-reserved)
[    0.000000] SLUB: HWalign=64, Order=0-3, MinObjects=0, CPUs=2, Nodes=1
[    0.000000] Kernel/User page tables isolation: enabled
[    0.000000] Hierarchiccal RCU implementation.
[    0.000000] 	Build-time adjustment of leaf fanout to 64.
[    0.000000] 	RCU restricting CPUs from NR_CPUS=512 to nr_cpu_ids=2.
[    0.000000] RCU: Adjusting geometry for rcu_fanout_leaf=64, nr_cpu_ids=2
[    0.000000] NR_IRQS33024 nr_irqs:440 16
[    0.000000] Console: colour VGA+ 80x25
[    0.000000] console [tty1] enabled
[    0.000000] console [ttyS0] enabled
[    0.000000] tsc: Detected 2494.316 MHz processor
[    0.62581] Calibrating delay loop (skipped) preset value.. 4988.63 BogoMIPS (lpj=9977264)
[    0.645259] pid_max: default: 32768 minimum: 301
[    0.658044] ACPI: Core revision 20150930
[    0.662979] ACPI: 2 ACPI AML tables successfully acquired and loaded
[    0.667993] Security Framework initialized
[    0.669987] Yama: becoming mindful.
[    0.671863] AppArmor: AppArmor initialized
[    0.674148] Dentry cache hash table entries: 131072 (order: 8, 1048576 bytes)
[    0.680133] Inode-cache hash table entries: 65536 (order: 7, 524288 bytes)
[    0.690374] Mount-cache hash table entries: 2048 (order: 2, 16384 bytes)
[    0.694522] Mountpoint-cache hash table entries: 2048 (order: 2, 16384 bytes)
[    0.698919] Initializing cgroup subsys io
[    0.702069] Initializing cgroup subsys memory
[    0.704158] Initializing cgroup subsys devices
[    0.709171] Initializing cgroup subsys freezer
[    0.714091] Initializing cgroup subsys net_cls
[    0.716072] Initializing cgroup subsys perf_event
[    0.719068] Initializing cgroup subsys net_prio
[    0.721316] Initializing cgroup subsys hugetlb
[    0.723892] Initializing cgroup subsys pids
[    0.726669] mce: CPU supports 0 MCE banks
[    0.728794] Last level iTLB entries: 4KB 512, 2MB 8, 4MB 8
[    0.731198] Last level dTLB entries: 4KB 512, 2MB 32, 4MB 32, 1GB 0
[    0.735099] Spectre V2 : Mitigation: Full generic retpoline
[    0.737509] Spectre V2 : Spectre v2 mitigation: Speculation control IBPB not-supported IBRS not-supported
[    0.741417] Spectre V2 : Spectre v2 / SpectreRSB mitigation: Filling RSB on context switch
[    0.746861] Speculative Store Bypass: Vulnerable
[    0.753810] Freeing SMP alternatives memory: 32K
[    0.766852] ftrace: allocating 32278 entries in 127 pages
[    0.836543] smpboot: APIC(0) Converting physical 0 to logical package 0
[    0.840875] smpboot: Max logical packages: 1
[    0.844864] x2apic enabled
[    0.846757] Switched APIC routing to physical x2apic.
[    0.852337] ..TIMER: vector=0x30 apic1=0 pin1=2 apic2=-1 pin2=-1
[    0.964215] smpboot: CPU0: Intel(R) Core(TM) i5-3210M CPU @ 2.50GHz (family: 0x6, model: 0x3a, stepping: 0x9)
[    0.981801] Performance Events: unsupported p6 CPU model 58 no PMU driver, software events only.
[    0.988979] KVM setup paravirtual spinlock
[    0.994580] x86: Booting SMP configuration:
[    0.998773] .... node  #0, CPUs:      #1
[    1.002685] kvm-clock: cpu 1, msr 0:3ffe3041, secondary cpu clock
[    1.005355] mce: CPU supports 0 MCE banks
[    1.009042] x86: Booted up 1 node, 2 CPUs
[    1.011179] smpboot: Total of 2 processors activated (9977.26 BogoMIPS)
[    1.016145] devtmpfs: initialized
[    1.019737] evm: security.selinux
[    1.021530] evm: security.SMACK64
[    1.026167] evm: security.SMACK64EXEC
[    1.030038] evm: security.SMACK64TRANSMUTE
[    1.034880] evm: security.SMACK64MMAP
[    1.037129] evm: security.ima
[    1.038638] evm: security.capability
[    1.042073] clocksource: jiffies: mask: 0xffffffff max_cycles: 0xffffffff, max_idle_ns: 7645041785100000 ns
[    1.046364] futex hash table entries: 512 (order: 3, 32768 bytes)
[    1.052151] pinctrl core: initialized pinctrl subsystem
[    1.054612] RTC time:  2:50:31, date: 11/12/18
[    1.061512] NET: Registered protocol family 16
[    1.072817] cpuidle: using governor ladder
[    1.085549] cpuidle: using governor menu
[    1.087555] PCCT header not found.
[    1.089398] ACPI: bus type PCI registered
[    1.091197] acpiphp: ACPI Hot Plug PCI Controller Driver version: 0.5
[    1.094392] PCI: Using configuration type 1 for base access
[    1.113991] ACPI: Added _OSI(Module Device)
[    1.116748] ACPI: Added _OSI(Processor Device)
[    1.119236] ACPI: Added _OSI(3.0 _SCP Extensions)
[    1.121815] ACPI: Added _OSI(Processor Aggregator Device)
[    1.125319] ACPI: Executed 1 blocks of module-level executable AML code
[    1.136551] ACPI: Interpreter enabled
[    1.139660] ACPI: (supports S0 S5)
[    1.141322] ACPI: Using IOAPIC for interrupt routing
[    1.143778] PCI: Using host bridge windows from ACPI; if necessary, use "pci=nocrs" and report a bug
[    1.155832] ACPI: PCI Root Bridge [PCI0] (domain 0000 [bus 00-ff])
[    1.159563] acpi PNP0A03:00: _OSC: OS supports [ASPM ClockPM Segments MSI]
[    1.163700] acpi PNP0A03:00: _OSC: not requesting OS control; OS requires [ExtendedConfig ASPM ClockPM MSI]
[    1.170346] acpi PNP0A03:00: fail to add MMCONFIG information, can't access extended PCI configuration space under this bridge.
[    1.177976] PCI host bridge to bus 0000:00
[    1.184126] pci_bus 0000:00: root bus resource [io  0x0000-0x0cf7 window]
[    1.188330] pci_bus 0000:00: root bus resource [io  0x0d00-0xffff window]
[    1.191384] pci_bus 0000:00: root bus resource [mem 0x000a0000-0x000bffff window]
[    1.195869] pci_bus 0000:00: root bus resource [mem 0x40000000-0xfdffffff window]
[    1.203384] pci_bus 0000:00: root bus resource [bus 00-ff]
[    1.212137] pci 0000:00:01.1: legacy IDE quirk: reg 0x10: [io  0x01f0-0x01f7]
[    1.217291] pci 0000:00:01.1: legacy IDE quirk: reg 0x14: [io  0x03f6]
[    1.220101] pci 0000:00:01.1: legacy IDE quirk: reg 0x18: [io  0x0170-0x0177]
[    1.223123] pci 0000:00:01.1: legacy IDE quirk: reg 0x1c: [io  0x0376]
[    1.265394] pci 0000:00:07.0: quirk: [io  0x4000-0x403f] claimed by PIIX4 ACPI
[    1.271534] pci 0000:00:07.0: quirk: [io  0x4100-0x410f] claimed by PIIX4 SMB
[    1.290666] ACPI: PCI Interrupt Link [LNKA] (IRQs 5 9 10 *11)
[    1.295994] ACPI: PCI Interrupt Link [LNKB] (IRQs 5 9 *10 11)
[    1.302889] ACPI: PCI Interrupt Link [LNKC] (IRQs 5 *9 10 11)
[    1.306378] ACPI: PCI Interrupt Link [LNKD] (IRQs 5 9 10 *11)
[    1.317468] ACPI: Enabled 2 GPEs in block 00 to 07
[    1.320239] vgaarb: setting as boot device: PCI:0000:00:02.0
[    1.322719] vgaarb: device added: PCI:0000:00:02.0,decodes=io+mem,owns=io+mem,locks=none
[    1.327131] vgaarb: loaded
[    1.329738] vgaarb: bridge control possible 0000:00:02.0
[    1.332275] SCSI subsystem initialized
[    1.334299] ACPI: bus type USB registered
[    1.338538] usbcore: registered new interface driver usbfs
[    1.340891] usbcore: registered new interface driver hub
[    1.343375] usbcore: registered new device driver usb
[    1.348100] PCI: Using ACPI for IRQ routing
[    1.351471] NetLabel: Initializing
[    1.354238] NetLabel:  domain hash size = 128
[    1.358752] NetLabel:  protocols = UNLABELED CIPSOv4
[    1.360924] NetLabel:  unlabeled traffic allowed by default
[    1.363706] amd_nb: Cannot enumerate AMD northbridges
[    1.366052] clocksource: Switched to clocksource kvm-clock
[    1.379639] AppArmor: AppArmor Filesystem Enabled
[    1.381994] pnp: PnP ACPI init
[   .3554] pnp: PnP ACPI: found 3 devices

[    1.510181] clocksource: acpi_pm: mask: 0xffffff max_cycles: 0xffffff, max_idle_ns: 2085701024 ns
[    1.515230] NET: Registered protocol family 2
[    1.518236] TCP established hash table entries: 8192 (order: 4, 65536 bytes)
[    1.523220] TCP bind hash table etries: 8192 (order: 5, 131072 bytes)
[    1.583284] TCP: Hash tables configured (established 8192 bind 8192)

[    1.590174] UDP hash table entries: 512 (order 2, 16384 bytes)
[   .6829] UDP-Lite hash table entries: 512 (order: 2, 16384 bytes)
[   .750975] NET: Registered protocol family 1
[    1.809810] pci 0000:00:00.0: Limiting direct PCI/PCI transfers
[    1.813223] pci 0000:00:01.0: Activating ISA DMA hang workarounds
[   1.816831] Unpacking initramfs...

[    2.103710] Freeing initrd memory: 14796K
[    2.107641] RAPL PMU detected, API unit is 2^-32 Joules, 3 fixed counters 10737418240 ms ovfl timer
[    2.112327] hw unit of domain pp0-core 2^-0 Joules
[    2.115067] hw unit of domain package 2^-0 Joules
[    2.117273] hw unit of domain pp1-gpu 2^-0 Joules
[    2.119560] platform rtc_cmos: registered platform RTC device (no PNP device found)
[    2.125420] Scanning for low memory corruption every 60 seconds
[    2.134166] audit: initializing netlink subsys (disabled)
[    2.136552] audit: type=2000 audit(1541991037.145:1): initialized
[    2.139747] Initialise system trusted keyring
[    2.144651] HugeTLB registered 2 MB page size, pre-allocated 0 pages
[    2.151728] zbud: loaded
[    2.157630] VFS: Disk quotas dquot_6.6.0
[    2.159468] VFS: Dquot-cache hash table entries: 512 (order 0, 4096 bytes)
[    2.163093] squashfs: version 4.0 (2009/01/31) Phillip Lougher
[    2.199236] fuse init (API version 7.23)
[    2.215645] Key type big_key registered
[    2.243061] Allocating IMA MOK and blacklist keyrings.
[    2.278235] Key type asymmetric registered
[    2.289481] Asymmetric key parser 'x509' registered
[    2.300080] Block layer SCSI generic (bsg) driver version 0.4 loaded (major 249)
[    2.320706] io scheduler noop registered
[    2.325405] io scheduler deadline registered (default)
[    2.331336] io scheduler cfq registered
[    2.333605] pci_hotplug: PCI Hot Plug PCI Core version: 0.5
[    2.336254] pciehp: PCI Express Hot Plug Controller Driver version: 0.4
[    2.339616] ACPI: AC Adapter [AC] (on-line)
[    2.342076] input: Power Button as /devices/LNXSYSTM:00/LNXPWRBN:00/input/input0
[    2.346676] ACPI: Power Button [PWRF]
[    2.354401] input: Sleep Button as /devices/LNXSYSTM:00/LNXSLPBN:00/input/input1
[    2.357687] ACPI: Sleep Button [SLPF]
[    2.359868] GHES: HEST is not enabled!
[    2.362063] ACPI: Battery Slot [BAT0] (battery present)
[    2.371254] Serial: 8250/16550 driver, 32 ports, IRQ sharing enabled
[   2.405888] 00:02: ttyS0 at I/O 0x3f8 (irq = 4, base_baud = 115200) is a 16550A

[    2.442492] Linux agpgart interface v0.103
[    2.450401] loop: module loaded
[    2.453420] scsi host0: ata_piix
[    2.455909] scsi host1: ata_piix
[    2.458259] ata1: PATA max UDMA/33 cmd 0x1f0 ctl 0x3f6 bmdma 0xd000 irq 14
[    2.461506] ata2: PATA max UDMA/33 cmd 0x170 ctl 0x376 bmdma 0xd008 irq 15
[    2.464676] libphy: Fixed MDIO Bus: probed
[    2.467330] tun: Universal TUN/TAP device driver, 1.6
[    2.470310] tun: (C) 1999-2004 Max Krasnyansky <maxk@qualcomm.com>
[    2.474203] PPP generic driver version 2.4.2
[    2.477014] ehci_hcd: USB 2.0 'Enhanced' Host Controller (EHCI) Driver
[    2.485655] ehci-pci: EHCI PCI platform driver
[    2.487975] ehci-platform: EHCI generic platform driver
[    2.496651] ohci_hcd: USB 1.1 'Open' Host Controller (OHCI) Driver
[    2.499714] ohci-pci: OHCI PCI platform driver
[    2.508063] ohci-platform: OHCI generic platform driver
[    2.512979] uhci_hcd: USB Universal Host Controller Interface driver
[    2.517091] i8042: PNP: PS/2 Controller [PNP0303:PS2K,PNP0f03:PS2M] at 0x60,0x64 irq 1,12
[    2.523770] serio: i8042 KBD port at 0x60,0x64 irq 1
[    2.528181] serio: i8042 AUX port at 0x60,0x64 irq 12
[    2.532320] mousedev: PS/2 mouse device common for all mice
[    2.536398] input: AT Translated Set 2 keyboard as /devices/platform/i8042/serio0/input/input2
[    2.543039] rtc_cmos rtc_cmos: rtc core: registered rtc_cmos as rtc0
[    2.547693] rtc_cmos rtc_cmos: alarms up to one day, 114 bytes nvram
[    2.551491] i2c /dev entries driver
[    2.553997] device-mapper: uevent: version 1.0.3
[    2.557129] device-mapper: ioctl: 4.34.0-ioctl (2015-10-28) initialised: dm-devel@redhat.com
[    2.562497] ledtrig-cpu: registered to indicate activity on CPUs
[    2.566936] NET: Registered protocol family 10
[    2.569938] NET: Registered protocol family 17
[    2.572825] Key type dns_resolver registered
[    2.576540] registered taskstats version 1
[    2.584631] Loading compiled-in X.509 certificates
[    2.588458] Loaded X.509 cert 'Build time autogenerated kernel key: 9a104bc44b81e9426fe5c715e47d021d02d69eba'
[    2.594205] zswap: loaded using pool lzo/zbud
[    2.600031] Key type trusted registered
[    2.606701] Key type encrypted registered
[    2.608676] AppArmor: AppArmor sha1 policy hashing enabled
[    2.611091] ima: No TPM chip found, activating TPM-bypass!
[    2.614030] ima: Allocated hash algorithm: sha1
[    2.616448] evm: HMAC attrs: 0x1
[    2.618896]   Magic number: 10:927:813
[    2.620718] rtc_cmos rtc_cmos: setting system clock to 2018-11-12 02:50:33 UTC (1541991033)
[    2.624895] BIOS EDD facility v0.16 2004-Jun-25, 0 devices found
[    2.627512] EDD information not available.
[    2.631596] Freeing unused kernel memory: 1528K
[    2.650716] Write protecting the kernel read-only data: 14336k
[    2.655100] Freeing unused kernel memory: 1664K
[    2.658391] Freeing unused kernel memory: 92K
Loading, please wait...
starting version 229
[    2.683164] random: systemd-udevd: uninitialized urandom read (16 bytes read, 3 bits of entropy available)
[    2.683725] random: udevadm: uninitialized urandom read (16 bytes read, 3 bits of entropy available)
[    2.683764] random: udevadm: uninitialized urandom read (16 bytes read, 3 bits of entropy available)
[    2.701200] random: udevadm: uninitialized urandom read (16 bytes read, 3 bits of entropy available)
[    2.701450] random: udevadm: uninitialized urandom read (16 bytes read, 3 bits of entropy available)
[    2.701811] random: udevadm: uninitialized urandom read (16 bytes read, 3 bits of entropy available)
[    2.701939] random: udevadm: uninitialized urandom read (16 bytes read, 3 bits of entropy available)
[    2.702057] random: udevadm: uninitialized urandom read (16 bytes read, 3 bits of entropy available)
[    2.702272] random: udevadm: uninitialized urandom read (16 bytes read, 3 bits of entropy available)
[    2.702387] random: udevadm: uninitialized urandom read (16 bytes read, 3 bits of entropy available)
[    2.923291] Fusion MPT base driver 3.04.20
[    2.925216] Copyright (c) 1999-2008 LSI Corporation
[    2.927948] e1000: Intel(R) PRO/1000 Network Driver - version 7.3.21-k8-NAPI
[    2.932307] e1000: Copyright (c) 1999-2006 Intel Corporation.
[    2.951929] Fusion MPT SPI Host driver 3.04.20
[    2.971556] AVX version of gcm_enc/dec engaged.
[    2.973618] AES CTR mode by8 optimization enabled
[    3.122847] tsc: Refined TSC clocksource calibration: 2493.125 MHz
[    3.131549] clocksource: tsc: mask: 0xffffffffffffffff max_cycles: 0x23efdb378a1, max_idle_ns: 440795218039 ns
[    3.164592] input: ImExPS/2 Generic Explorer Mouse as /devices/platform/i8042/serio1/input/input4
[    3.461257] e1000 0000:00:03.0 eth0: (PCI:33MHz:32-bit) 02:46:93:03:7f:ca
[    3.584860] e1000 0000:00:03.0 eth0: Intel(R) PRO/1000 Network Connection
[    3.592972] mptbase: ioc0: Initiating bringup
[    3.593158] e1000 0000:00:03.0 enp0s3: renamed from eth0
[    3.658698] ioc0: LSI53C1030 A0: Capabilities={Initiator}
[    3.827601] scsi host2: ioc0: LSI53C1030 A0, FwRev=00000000h, Ports=1, MaxQ=256, IRQ=20
[    3.944939] scsi 2:0:0:0: Direct-Access     VBOX     HARDDISK         1.0  PQ: 0 ANSI: 5
[    3.958013] scsi target2:0:0: Beginning Domain Validation
[    3.976899] scsi target2:0:0: Domain Validation skipping write tests
[    3.979813] scsi target2:0:0: Ending Domain Validation
[    3.992029] scsi target2:0:0: asynchronous
[    4.011748] scsi 2:0:1:0: Direct-Access     VBOX     HARDDISK         1.0  PQ: 0 ANSI: 5
[    4.020183] scsi target2:0:1: Beginning Domain Validation
[    4.025936] scsi target2:0:1: Domain Validation skipping write tests
[    4.028905] scsi target2:0:1: Ending Domain Validation
[    4.031459] scsi target2:0:1: asynchronous
[    4.044599] sd 2:0:0:0: Attached scsi generic sg0 type 0
[    4.047361] sd 2:0:0:0: [sda] 20971520 512-byte logical blocks: (10.7 GB/10.0 GiB)
[    4.052395] sd 2:0:1:0: Attached scsi generic sg1 type 0
[    4.055584] sd 2:0:1:0: [sdb] 20480 512-byte logical blocks: (10.5 MB/10.0 MiB)
[    4.057411] sd 2:0:0:0: [sda] Write Protect is off
[    4.057625] sd 2:0:0:0: [sda] Incomplete mode parameter data
[    4.057626] sd 2:0:0:0: [sda] Assuming drive cache: write through
[    4.063642]  sda: sda1
[    4.064578] sd 2:0:0:0: [sda] Attached SCSI disk
[    4.198623] sd 2:0:1:0: [sdb] Write Protect is off
[    4.200968] sd 2:0:1:0: [sdb] Incomplete mode parameter data
[    4.213571] sd 2:0:1:0: [sdb] Assuming drive cache: write through
[    4.224362] sd 2:0:1:0: [sdb] Attached SCSI disk
Begin: Loading essential drivers ... [    5.648888] md: linear personality registered for level -1
[    5.655068] md: multipath personality registered for level -4
[    5.664761] md: raid0 personality registered for level 0
[    5.671886] md: raid1 personality registered for level 1
[    5.754293] raid6: sse2x1   gen()  6832 MB/s
[    5.822743] raid6: sse2x1   xor()  5343 MB/s
[    5.890176] raid6: sse2x2   gen()  8229 MB/s
[    5.963510] raid6: sse2x2   xor()  6485 MB/s
[    6.034141] raid6: sse2x4   gen() 10255 MB/s
[    6.102534] raid6: sse2x4   xor()  8225 MB/s
[    6.104712] raid6: using algorithm sse2x4 gen() 10255 MB/s
[    6.107160] raid6: .... xor() 8225 MB/s, rmw enabled
[    6.112030] raid6: using ssse3x2 recovery algorithm
[    6.115577] xor: automatically using best checksumming function:
[    6.154492]    avx       : 16526.000 MB/sec
[    6.159511] async_tx: api initialized (async)
[    6.183043] md: raid6 personality registered for level 6
[    6.187691] md: raid5 personality registered for level 5
[    6.196970] md: raid4 personality registered for level 4
[    6.223149] md: raid10 personality registered for level 10
done.
Begin: Running /scripts/init-premount ... done.
Begin: Mounting root file system ... Begin: Running /scripts/local-top ... done.
Begin: Running /scripts/local-premount ... [    6.313188] Btrfs loaded
Scanning for Btrfs filesystems
done.
Warning: fsck not present, so skipping root file system
[    6.362169] EXT4-fs (sda1): mounted filesystem with ordered data mode. Opts: (null)
done.
Begin: Running /scripts/local-bottom ... done.
Begin: Running /scripts/init-bottom ... done.
[    6.501687] systemd[1]: systemd 229 running in system mode. (+PAM +AUDIT +SELINUX +IMA +APPARMOR +SMACK +SYSVINIT +UTMP +LIBCRYPTSETUP +GCRYPT +GNUTLS +ACL +XZ -LZ4 +SECCOMP +BLKID +ELFUTILS +KMOD -IDN)
[    6.522371] systemd[1]: Detected virtualization oracle.
[    6.529173] systemd[1]: Detected architecture x86-64.

Welcome to [1mUbuntu 16.04.5 LTS[0m!

[    6.538758] systemd[1]: Set hostname to <ubuntu>.
[    6.543168] systemd[1]: Initializing machine ID from random generator.
[    6.545946] systemd[1]: Installed transient /etc/machine-id file.
[    6.706958] systemd[1]: Reached target Swap.
[[0;32m  OK  [0m] Reached target Swap.
[    6.716640] systemd[1]: Reached target Encrypted Volumes.
[[0;32m  OK  [0m] Reached target Encrypted Volumes.
[    6.731598] systemd[1]: Created slice System Slice.
[[0;32m  OK  [0m] Created slice System Slice.
[    6.742037] systemd[1]: Listening on Journal Socket.
[[0;32m  OK  [0m] Listening on Journal Socket.
[    6.774347] systemd[1]: Mounting Debug File System...
         Mounting Debug File System...
[    6.782293] systemd[1]: Listening on /dev/initctl Compatibility Named Pipe.
[[0;32m  OK  [0m] Listening on /dev/initctl Compatibility Named Pipe.
[    6.794626] systemd[1]: Listening on Journal Socket (/dev/log).
[[0;32m  OK  [0m] Listening on Journal Socket (/dev/log).
[    6.826819] systemd[1]: Starting Load Kernel Modules...
         Starting Load Kernel Modules...
[    6.836224] systemd[1]: Starting Uncomplicated firewall...
[    6.846804] Loading iSCSI transport class v2.0-870.
         Starting Uncomplicated firewall...
[    6.856067] systemd[1]: Starting Nameserver information manager...
         Starting Nameserver information manager...
[    6.862059] iscsi: registered transport (tcp)
[    6.865253] systemd[1]: Listening on Journal Audit Socket.
[[0;32m  OK  [0m] Listening on Journal Audit Socket.
[    6.890289] systemd[1]: Mounting Huge Pages File System...
         Mounting Huge Pages File System...
[    6.898586] systemd[1]: Listening on udev Control Socket.
[    6.901244] iscsi: registered transport (iser)
[[0;32m  OK  [0m] Listening on udev Control Socket.
[    6.909231] systemd[1]: Mounting POSIX Message Queue File System...
         Mounting POSIX Message Queue File System...
[    6.927029] systemd[1]: Starting Remount Root and Kernel File Systems...
         Starting Remount Root and Kernel File Systems...[    6.934355] EXT4-fs (sda1): re-mounted. Opts: (null)

[    6.937562] systemd[1]: Reached target User and Group Name Lookups.
[[0;32m  OK  [0m] Reached target User and Group Name Lookups.
[    6.957971] systemd[1]: Starting Set console keymap...
         Starting Set console keymap...
[    6.965527] systemd[1]: Listening on Syslog Socket.
[[0;32m  OK  [0m] Listening on Syslog Socket.
[    6.973946] systemd[1]: Listening on LVM2 poll daemon socket.
[[0;32m  OK  [0m] Listening on LVM2 poll daemon socket.
[    6.983914] systemd[1]: Reached target System Time Synchronized.
[[0;32m  OK  [0m] Reached target System Time Synchronized.
[    6.993864] systemd[1]: Listening on Device-mapper event daemon FIFOs.
[[0;32m  OK  [0m] Listening on Device-mapper event daemon FIFOs.
[    7.004564] systemd[1]: Started Forward Password Requests to Wall Directory Watch.
[[0;32m  OK  [0m] Started Forward Password Requests to Wall Directory Watch.
[    7.021879] systemd[1]: Created slice User and Session Slice.
[[0;32m  OK  [0m] Created slice User and Session Slice.
[    7.029505] systemd[1]: Started Trigger resolvconf update for networkd DNS.
[[0;32m  OK  [0m] Started Trigger resolvconf update for networkd DNS.
[    7.055527] systemd[1]: Starting Journal Service...
         Starting Journal Service...
[    7.069749] systemd[1]: Listening on LVM2 metadata daemon socket.
[[0;32m  OK  [0m] Listening on LVM2 metadata daemon socket.
[    7.087057] systemd[1]: Starting Monitoring of LVM2 mirrors, snapshots etc. using dmeventd or progress polling...
         Starting Monitoring of LVM2 mirrors... dmeventd or progress polling...
[    7.107576] systemd[1]: Set up automount Arbitrary Executable File Formats File System Automount Point.
[[0;32m  OK  [0m] Set up automount Arbitrary Executab...ats File System Automount Point.
[    7.124479] systemd[1]: Reached target Slices.
[[0;32m  OK  [0m] Reached target Slices.
[    7.131577] systemd[1]: Created slice system-serial\x2dgetty.slice.
[[0;32m  OK  [0m] Created slice system-serial\x2dgetty.slice.
[    7.154755] systemd[1]: Starting Create list of required static device nodes for the current kernel...
         Starting Create list of required st... nodes for the current kernel...
[    7.168253] systemd[1]: Listening on udev Kernel Socket.
[[0;32m  OK  [0m] Listening on udev Kernel Socket.
[    7.179006] systemd[1]: Mounted Debug File System.
[[0;32m  OK  [0m] Mounted Debug File System.
[    7.187396] systemd[1]: Mounted Huge Pages File System.
[[0;32m  OK  [0m] Mounted Huge Pages File System.
[    7.193774] systemd[1]: Mounted POSIX Message Queue File System.
[[0;32m  OK  [0m] Mounted POSIX Message Queue File System.
[    7.204739] systemd[1]: Started Journal Service.
[[0;32m  OK  [0m] Started Journal Service.
[[0;32m  OK  [0m] Started Load Kernel Modules.
[[0;32m  OK  [0m] Started Uncomplicated firewall.
[[0;32m  OK  [0m] Started Remount Root and Kernel File Systems.
[[0;32m  OK  [0m] Started Set console keymap.
[[0;32m  OK  [0m] Started Create list of required sta...ce nodes for the current kernel.
[[0;32m  OK  [0m] Started Nameserver information manager.
[    7.359532] random: nonblocking pool is initialized
[[0;32m  OK  [0m] Started LVM2 metadata daemon.
         Starting Create Static Device Nodes in /dev...
         Starting udev Coldplug all Devices...
         Starting Load/Save Random Seed...
         Mounting FUSE Control File System...
         Starting Apply Kernel Variables...
         Starting Flush Journal to Persistent Storage...
[[0;32m  OK  [0m] Mounted FUSE Control File System.
[[0;32m  OK  [0m] Started Create Static Device Nodes in /dev.
[[0;32m  OK  [0m] Started Load/Save Random Seed.
[[0;32m  OK  [0m] Started Apply Kernel Variables.
[[0;32m  OK  [0m] Started Flush Journal to Persistent Storage.
[[0;32m  OK  [0m] Started udev Coldplug all Devices.
         Starting udev Kernel Device Manager...
[[0;32m  OK  [0m] Started udev Kernel Device Manager.
[[0;32m  OK  [0m] Started Dispatch Password Requests to Console Directory Watch.
[[0;32m  OK  [0m] Started Monitoring of LVM2 mirrors,...ng dmeventd or progress polling.
[[0;32m  OK  [0m] Reached target Local File Systems (Pre).
[[0;32m  OK  [0m] Reached target Local File Systems.
         Starting Set console font and keymap...
         Starting Commit a transient machine-id on disk...
         Starting Initial cloud-init job (pre-networking)...
         Starting Tell Plymouth To Write Out Runtime Data...
         Starting Create Volatile Files and Directories...
         Starting LSB: AppArmor initialization...
[[0;32m  OK  [0m] Started Commit a transient machine-id on disk.
[[0;32m  OK  [0m] Started Tell Plymouth To Write Out Runtime Data.
[[0;32m  OK  [0m] Started Create Volatile Files and Directories.
         Starting Update UTMP about System Boot/Shutdown...
[[0;32m  OK  [0m] Started Update UTMP about System Boot/Shutdown.
[[0;32m  OK  [0m] Found device /dev/ttyS0.
[[0;32m  OK  [0m] Listening on Load/Save RF Kill Switch Status /dev/rfkill Watch.
[[0;32m  OK  [0m] Started LSB: AppArmor initialization.
[    9.156594] cloud-init[485]: Cloud-init v. 18.4-0ubuntu1~16.04.2 running 'init-local' at Mon, 12 Nov 2018 02:50:40 +0000. Up 8.38 seconds.
[[0;32m  OK  [0m] Started Set console font and keymap.
[[0;32m  OK  [0m] Created slice system-getty.slice.
[[0;32m  OK  [0m] Started Initial cloud-init job (pre-networking).
[[0;32m  OK  [0m] Reached target Network (Pre).
         Starting Raise network interfaces...
[[0;32m  OK  [0m] Started Raise network interfaces.
[[0;32m  OK  [0m] Reached target Network.
         Starting Initial cloud-init job (metadata service crawler)...
[   10.767432] cloud-init[928]: Cloud-init v. 18.4-0ubuntu1~16.04.2 running 'init' at Mon, 12 Nov 2018 02:50:41 +0000. Up 9.95 seconds.
[   10.782022] cloud-init[928]: ci-info: ++++++++++++++++++++++++++++++++++++++Net device info++++++++++++++++++++++++++++++++++++++
[   10.827957] cloud-init[928]: ci-info: +--------+------+----------------------------+---------------+--------+-------------------+[[0;32m  OK  [0m] Started Initial cloud-init job (metadata service crawler).
[[0;32m  OK  [0m] Reached target System Initialization.
[   10.846620] 
cloud-init[928]: ci-info: | Device |  Up  |          Address           |      Mask     | Scope  |     Hw-Address    |
[[0;32m  OK  [0m] Started Daily apt download activities.
         Starting LXD - unix socket.
[[0;32m  OK  [0m] Started Daily Cleanup of Temporary Directories.
[   10.857165] [cloud-init[0;32m  OK  [0m[928]: ] ci-info: +--------+------+----------------------------+---------------+--------+-------------------+Started Daily apt upgrade and clean activities.

[   10.929679] [[0;32m  OK  [0m] Listening on ACPID Listen Socket.
cloud-init[928]: ci-info: | enp0s3 | True |         10.0.2.15          | 255.255.255.0 | global | 02:46:93:03:7f:ca |
[   10.973954] [[0;32m  OK  [0m] Listening on D-Bus System Message Bus Socket.
cloud-init[928]: ci-info: | enp0s3 | True | fe80::46:93ff:fe03:7fca/64 |       .       |  link  | 02:46:93:03:7f:ca |
[   11.021464] [[0;32m  OK  [0m] Listening on UUID daemon activation socket.
[[0;32m  OK  [0m] Reached target Timers.
cloud-init[928]: ci-info: |   lo   | True |         127.0.0.1          |   255.0.0.0   |  host  |         .         |
[   11.045448] [[0;32m  OK  [0m] Started ACPI Events Check.
[[0;32m  OK  [0m] Reached target Paths.
cloud-init[928]: ci-info: |   lo   | True |          ::1/128           |       .       |  host  |         .         |
[   11.081019]          Starting Socket activation for snappy daemon.
[[0;32m  OK  [0m] Reached target Network is Online.
cloud-init[928]: ci-info: +--------+------+----------------------------+---------------+--------+-------------------+
[   11.152470]          cloud-initStarting iSCSI initiator daemon (iscsid)...[928]: 
ci-info: +++++++++++++++++++++++++++Route IPv4 info++++++++++++++++++++++++++++
[   11.154663] [cloud-init[0;32m  OK  [0m[928]: ] ci-info: +-------+-------------+----------+---------------+-----------+-------+Reached target Cloud-config availability.

[[0;32m  OK  [0m] Listening on LXD - unix socket.
[   11.282132] [cloud-init[0;32m  OK  [0m[928]: ] ci-info: | Route | Destination | Gateway  |    Genmask    | Interface | Flags |Listening on Socket activation for snappy daemon.

[   11.348282] cloud-init[928]: ci-info: +-------+-------------+----------+---------------+-----------+-------+
[   11.350715] [[0;32m  OK  [0m] Started iSCSI initiator daemon (iscsid).
cloud-init[928]: ci-info: |   0   |   0.0.0.0   | 10.0.2.2 |    0.0.0.0    |   enp0s3  |   UG  |
[   11.376348] cloud-init[928]: ci-info: |   1   |   10.0.2.0  | 0.0.0.0  | 255.255.255.0 |   enp0s3  |   U   |
[   11.391397] cloud-init[928]: ci-info: +-------+-------------+----------+---------------+-----------+-------+
[   11.396402] cloud-init[928]: ci-info: +++++++++++++++++++Route IPv6 info+++++++++++++++++++
[   11.406312] cloud-init[928]: ci-info: +-------+-------------+---------+-----------+-------+
         [   11.412097] cloud-init[928]: ci-info: | Route | Destination | Gateway | Interface | Flags |
[   11.414224] cloud-init[928]: ci-info: +-------+-------------+---------+-----------+-------+
Starting Login to default iSCSI targets...
[   11.416279] cloud-init[928]: ci-info: |   0   |  fe80::/64  |    ::   |   enp0s3  |   U   |
[   11.439285] cloud-init[928]: ci-info: |   3   |   ff00::/8  |    ::   |   enp0s3  |   U   |
[   11.441659] [[0;32m  OK  [0m] Reached target Sockets.
cloud-init[928]: ci-info: +-------+-------------+---------+-----------+-------+
[   11.489511] cloud-init[928]: Generating public/private rsa key pair.
[   11.490135] cloud-init[928]: Your identification has been saved in /etc/ssh/ssh_host_rsa_key.
[   11.491379] cloud-init[928]: Your public key has been saved in /etc/ssh/ssh_host_rsa_key.pub.
[   11.494028] cloud-init[928]: The key fingerprint is:
[   11.494738] cloud-init[928]: SHA256:RdmjxQyo4L6sP/xIpIbjQB5jUM7DEoVC6BzdxSRYwNA root@ubuntu-xenial
[[0;32m  OK  [0m] Reached target Basic System.
[   11.494904] cloud-init[928]: The key's randomart image is:
[   11.768443]          cloud-initStarting LSB: MD monitoring daemon...[928]: 
+---[RSA 2048]----+
[   11.822332] cloud-init[928]: |+=B.=o+o .o*     |
[   11.823803] cloud-init[928]: |+B E....... *    |
         Starting System Logging Service...
[   11.827092] cloud-init[928]: |* *. . .  .o .   |
         Starting Accounts Service...[   11.882338] cloud-init[928]: |.+ .. .  ..      |
[   11.890865] cloud-init[928]: | = ..   S        |
[   11.896147] 
cloud-init[928]: |+.oo.            |
[   11.896698] cloud-init[928]: |+.oo..           |
[   11.921313] cloud-init[928]: |oo .=.           |
[   11.940003] cloud-init[928]: | ..ooo.          |
[   11.941126] cloud-init[928]: +----[SHA256]-----+
         Starting Snappy daemon...
[   11.951136] cloud-init[928]: Generating public/private dsa key pair.
[[0;32m  OK  [0m] Started D-Bus System Message Bus.
[   11.976956] cloud-init[928]: Your identification has been saved in /etc/ssh/ssh_host_dsa_key.
[   12.000364] cloud-init[928]: Your public key has been saved in /etc/ssh/ssh_host_dsa_key.pub.
[   12.012097] cloud-init[928]: The key fingerprint is:
[   12.033544] cloud-init[928]: SHA256:RjBgIIBMHALnAFfbPNP95gALEwnpHL3nn76Zx/Vn4o8 root@ubuntu-xenial
[   12.053510] cloud-init[928]: The key's randomart image is:
[   12.065218] cloud-init[928]: +---[DSA 1024]----+
         Starting Pollinate to seed the pseudo random number generator...
[   12.085917] cloud-init[928]: |/o=o==+.         |
[   12.097912] cloud-init[928]: |oO .o+o= .       |
         Starting Virtualbox guest utils...
[   12.099181] cloud-init[928]: |  .o..B.+ .      |
[[0;32m  OK  [0m] Started FUSE filesystem for LXC.
[   12.147865] cloud-init[928]: |    o .*.o .     |
[[0;32m  OK  [0m] Started ACPI event daemon.
[   12.167529] cloud-init[928]: |       oS . o    |
[[0;32m  OK  [0m] Started Regular background program processing daemon.
[   12.187966] cloud-init[928]: |       ..  +  .  |
         Starting Login Service...
         Starting /etc/rc.local Compatibility...
[[0;32m  OK  [0m] Started Unattended Upgrades Shutdown.
[   12.206682] cloud-init[928]: |         . o.. . |
[   12.249027] cloud-init[928]: |          ooo ..+|
         Starting LSB: Record successful boot for GRUB...
[   12.272425] cloud-init[928]: |         .=o .E+o|
[   12.322102] cloud-init[928]: +----[SHA256]-----+
[[0;32m  OK  [0m] Started Deferred execution scheduler.
[   12.324697] cloud-init[928]: Generating public/private ecdsa key pair.
         Starting LXD - container startup/shutdown...
[   12.374192] cloud-init[[0;32m  OK  [0m] Started System Logging Service.
[[0;32m  OK  [0m] Started Snappy daemon.
[[0;32m  OK  [0m] Started /etc/rc.local Compatibility.
[928]: Your identification has been saved in /etc/ssh/ssh_host_ecdsa_key.
[   12.447774] cloud-init[928]: Your public key has been saved in /etc/ssh/ssh_host_ecdsa_key.pub.
[   12.489658] cloud-init[928]: The key fingerprint is:
[   12.517556] [cloud-init[0;32m  OK  [0m[928]: ] SHA256:Qnkw4aay8SVafxrGCaCjTJ1YLK2O4/OXA9KRNgritIU root@ubuntu-xenialStarted LSB: MD monitoring daemon.

[[0;32m  OK  [0m] Started Login to default iSCSI targets.
[[0;32m  OK  [0m] Started LXD - container startup/shutdown.
[   12.551931] cloud-init[928]: The key's randomart image is:
[   12.587718] cloud-init[928]: +---[ECDSA 256]---+
[   12.591893] cloud-init[928]: |      +.         |
[   12.597738] cloud-init[928]: |  o  . +         |
[   12.603600] cloud-init[928]: | .o+. = .        |
[   12.611000] cloud-init[928]: |oE*B.+ .         |
[   12.623366] cloud-init[928]: |B+OoB o S        |
[   12.638950] cloud-init[928]: |** X * o         |
[   12.704969] cloud-init[928]: |+o+ o B .        |
[   12.706077] cloud-init[928]: |.o   = +         |
[[0;32m  OK  [0m] Started LSB: Record successful boot for GRUB.
[[0;32m  OK  [0m] Started Virtualbox guest utils.
[   12.707041] cloud-init[928]: | .o.. o          |
[   12.809498] cloud-init[928]: +----[SHA256]-----+
[   12.825848] cloud-init[928]: Generating public/private ed25519 key pair.
         Starting Authenticate and Authorize Users to Run Privileged Tasks...[   12.865863] cloud-init[928]: Your identification has been saved in /etc/ssh/ssh_host_ed25519_key.
[   12.886344] cloud-init[928]: Your public key has been saved in /etc/ssh/ssh_host_ed25519_key.pub.
[   12.886462] cloud-init[928]: The key fingerprint is:
[   12.886765] cloud-init[928]: SHA256:6hU2xzIQwaIrczkUZsbaYXL+orIkf44dpQgnLaA9CDk root@ubuntu-xenial
[   12.886905] cloud-init[928]: The key's randomart image is:
[   12.887024] cloud-init[928]: +--[ED25519 256]--+
[   12.887140] cloud-init[928]: | .   .o.         |
[   12.887263] cloud-init[928]: |..X . ..         |
[   12.887499] cloud-init[928]: |E@ + ..          |
[   12.888523] cloud-init[928]: |===    . .       |
[   12.888647] cloud-init[928]: |*.=+  . S o      |
[   12.888841] cloud-init[928]: |o=*o.o o *       |
[   12.888951] cloud-init[928]: |.*.oo . .        |
[   12.889057] cloud-init[928]: |=. o.o .         |
[   12.890402] cloud-init[928]: |o.ooo .          |
[   12.890526] cloud-init[928]: +----[SHA256]-----+

[[0;32m  OK  [0m] Reached target Remote File Systems (Pre).
[[0;32m  OK  [0m] Reached target Remote File Systems.
         Starting LSB: Set the CPU Frequency Scaling governor to "ondemand"...
         Starting Permit User Sessions...
         Starting LSB: automatic crash report generation...
         Starting LSB: daemon to balance interrupts for SMP systems...
         Starting Wait until snapd is fully seeded...
[[0;32m  OK  [0m] Started Pollinate to seed the pseudo random number generator.
[[0;32m  OK  [0m] Started Permit User Sessions.
[[0;32m  OK  [0m] Started Login Service.
[[0;32m  OK  [0m] Started Authenticate and Authorize Users to Run Privileged Tasks.
[[0;32m  OK  [0m] Started Accounts Service.
[[0;32m  OK  [0m] Started LSB: Set the CPU Frequency Scaling governor to "ondemand".
         Starting Hold until boot process finishes up...
         Starting Terminate Plymouth Boot Screen...
         Starting OpenBSD Secure Shell server...
[[0;32m  OK  [0m] Started LSB: automatic crash report generation.
[[0;32m  OK  [0m] Started LSB: daemon to balance interrupts for SMP systems.
[[0;32m  OK  [0m] Started Hold until boot process finishes up.
[[0;32m  OK  [0m] Started Terminate Plymouth Boot Screen.
[[0;32m  OK  [0m] Started OpenBSD Secure Shell server.
         Starting Set console scheme...
[[0;32m  OK  [0m] Started Getty on tty1.
[[0;32m  OK  [0m] Started Serial Getty on ttyS0.
[[0;32m  OK  [0m] Reached target Login Prompts.
[[0;32m  OK  [0m] Started Set console scheme.
[[0;32m  OK  [0m] Created slice User Slice of vagrant.
         Starting User Manager for UID 1000...
[[0;32m  OK  [0m] Started Session 1 of user vagrant.
[[0;32m  OK  [0m] Started User Manager for UID 1000.
[[0;32m  OK  [0m] Started Wait until snapd is fully seeded.
         Starting Apply the settings specified in cloud-config...
[[0;32m  OK  [0m] Reached target Multi-User System.
[[0;32m  OK  [0m] Reached target Graphical Interface.
         Starting Update UTMP about System Runlevel Changes...
[[0;32m  OK  [0m] Started Update UTMP about System Runlevel Changes.
[   15.925053] cloud-init[1328]: Generating locales (this might take a while)...
         Stopping User Manager for UID 1000...
[[0;32m  OK  [0m] Stopped User Manager for UID 1000.
[[0;32m  OK  [0m] Removed slice User Slice of vagrant.
[[0;32m  OK  [0m] Created slice User Slice of vagrant.
         Starting User Manager for UID 1000...
[[0;32m  OK  [0m] Started Session 2 of user vagrant.
[[0;32m  OK  [0m] Started User Manager for UID 1000.
[   17.381856] cloud-init[1328]:   en_US.UTF-8... done
[   17.388180] cloud-init[1328]: Generation complete.
[   17.811964] cloud-init[1328]: Cloud-init v. 18.4-0ubuntu1~16.04.2 running 'modules:config' at Mon, 12 Nov 2018 02:50:47 +0000. Up 15.76 seconds.
[[0;32m  OK  [0m] Started Apply the settings specified in cloud-config.
         Starting Execute cloud user/final scripts...
ci-info: no authorized ssh keys fingerprints found for user ubuntu.
<14>Nov 12 02:50:50 ec2: 
<14>Nov 12 02:50:50 ec2: #############################################################
<14>Nov 12 02:50:50 ec2: -----BEGIN SSH HOST KEY FINGERPRINTS-----
<14>Nov 12 02:50:50 ec2: 1024 SHA256:RjBgIIBMHALnAFfbPNP95gALEwnpHL3nn76Zx/Vn4o8 root@ubuntu-xenial (DSA)
<14>Nov 12 02:50:50 ec2: 256 SHA256:Qnkw4aay8SVafxrGCaCjTJ1YLK2O4/OXA9KRNgritIU root@ubuntu-xenial (ECDSA)
<14>Nov 12 02:50:50 ec2: 256 SHA[   18.791502] cloud-init[1550]: Cloud-init v. 18.4-0ubuntu1~16.04.2 running 'modules:final' at Mon, 12 Nov 2018 02:50:50 +0000. Up 18.52 seconds.
[   18.802093] cloud-init[1550]: ci-info: no authorized ssh keys fingerprints found for user ubuntu.
[   18.808741] cloud-init[1550]: Cloud-init v. 18.4-0ubuntu1~16.04.2 finished at Mon, 12 Nov 2018 02:50:50 +0000. Datasource DataSourceNoCloud [seed=/dev/sdb][dsmode=net].  Up 18.77 seconds

Ubuntu 16.04.5 LTS ubuntu-xenial ttyS0

ubuntu-xenial login:          Stopping Authenticate and Authorize Users to Run Privileged Tasks...
         Stopping Session 4 of user vagrant.
[[0;32m  OK  [0m] Stopped target Graphical Interface.
[[0;32m  OK  [0m] Stopped target Timers.
         Stopping User Manager for UID 1000...
         Stopping ACPI event daemon...
[[0;32m  OK  [0m] Stopped target Cloud-init target.
[[0;32m  OK  [0m] Stopped Execute cloud user/final scripts.
[[0;32m  OK  [0m] Stopped target Multi-User System.
         Stopping LSB: daemon to balance interrupts for SMP systems...
         Stopping Docker Application Container Engine...
         Stopping LSB: Set the CPU Frequency Scaling governor to "ondemand"...
         Stopping LSB: MD monitoring daemon...
         Stopping LSB: Record successful boot for GRUB...
         Stopping FUSE filesystem for LXC...
         Stopping Deferred execution scheduler...
         Stopping containerd container runtime...
         Stopping OpenBSD Secure Shell server...
         Stopping LSB: Set up cgroupfs mounts....
         Stopping Regular background program processing daemon...
         Stopping Unattended Upgrades Shutdown...
         Stopping D-Bus System Message Bus...
[[0;32m  OK  [0m] Stopped Apply the settings specified in cloud-config.
[[0;32m  OK  [0m] Stopped target Cloud-config availability.
[[0;32m  OK  [0m] Stopped Daily apt upgrade and clean activities.
[[0;32m  OK  [0m] Stopped Wait until snapd is fully seeded.
         Stopping Snappy daemon...
[[0;32m  OK  [0m] Stopped target Login Prompts.
         Stopping Serial Getty on ttyS0...
         Stopping Getty on tty1...
         Stopping System Logging Service...
         Stopping LSB: automatic crash report generation...
[[0;32m  OK  [0m] Stopped Daily apt download activities.
[[0;32m  OK  [0m] Stopped target System Time Synchronized.
[[0;32m  OK  [0m] Stopped Daily Cleanup of Temporary Directories.
         Stopping Virtualbox guest utils...
         Stopping LXD - container startup/shutdown...
         Stopping Accounts Service...
[[0;32m  OK  [0m] Unmounted /var/lib/lxcfs.
[[0;32m  OK  [0m] Stopped System Logging Service.
[[0;32m  OK  [0m] Stopped Accounts Service.
[[0;32m  OK  [0m] Stopped Snappy daemon.
[[0;32m  OK  [0m] Stopped ACPI event daemon.
[[0;32m  OK  [0m] Stopped Regular background program processing daemon.
[[0;32m  OK  [0m] Stopped Deferred execution scheduler.
[[0;32m  OK  [0m] Stopped Authenticate and Authorize Users to Run Privileged Tasks.
[[0;32m  OK  [0m] Stopped OpenBSD Secure Shell server.
[[0;32m  OK  [0m] Stopped Getty on tty1.
[[0;32m  OK  [0m] Stopped Serial Getty on ttyS0.
[[0;32m  OK  [0m] Stopped containerd container runtime.
[[0;32m  OK  [0m] Stopped Docker Application Container Engine.
[[0;32m  OK  [0m] Stopped User Manager for UID 1000.
[[0;32m  OK  [0m] Stopped Session 4 of user vagrant.
[[0;32m  OK  [0m] Stopped LSB: Set up cgroupfs mounts..
[[0;32m  OK  [0m] Stopped Unattended Upgrades Shutdown.
[[0;32m  OK  [0m] Stopped D-Bus System Message Bus.
[[0;32m  OK  [0m] Stopped FUSE filesystem for LXC.
[[0;32m  OK  [0m] Stopped LSB: daemon to balance interrupts for SMP systems.
[[0;32m  OK  [0m] Stopped LSB: Record successful boot for GRUB.
[[0;32m  OK  [0m] Stopped LSB: Set the CPU Frequency Scaling governor to "ondemand".
[[0;32m  OK  [0m] Stopped LSB: MD monitoring daemon.
[[0;32m  OK  [0m] Stopped LSB: automatic crash report generation.
[[0;32m  OK  [0m] Stopped LXD - container startup/shutdown.
[[0;32m  OK  [0m] Stopped Virtualbox guest utils.
[[0;32m  OK  [0m] Removed slice User Slice of vagrant.
         Stopping Login Service...
[[0;32m  OK  [0m] Removed slice system-serial\x2dgetty.slice.
[[0;32m  OK  [0m] Stopped /etc/rc.local Compatibility.
[[0;32m  OK  [0m] Removed slice system-getty.slice.
         Stopping Permit User Sessions...
[[0;32m  OK  [0m] Stopped Permit User Sessions.
[[0;32m  OK  [0m] Stopped target Remote File Systems.
[[0;32m  OK  [0m] Stopped target Remote File Systems (Pre).
         Stopping Login to default iSCSI targets...
[[0;32m  OK  [0m] Stopped Login Service.
[[0;32m  OK  [0m] Stopped Login to default iSCSI targets.
         Stopping iSCSI initiator daemon (iscsid)...
[[0;32m  OK  [0m] Stopped target Basic System.
[[0;32m  OK  [0m] Stopped target Paths.
[[0;32m  OK  [0m] Stopped Dispatch Password Requests to Console Directory Watch.
[[0;32m  OK  [0m] Stopped ACPI Events Check.
[[0;32m  OK  [0m] Stopped Forward Password Requests to Wall Directory Watch.
[[0;32m  OK  [0m] Stopped target Slices.
[[0;32m  OK  [0m] Stopped target Sockets.
[[0;32m  OK  [0m] Closed UUID daemon activation socket.
[[0;32m  OK  [0m] Closed Syslog Socket.
[[0;32m  OK  [0m] Closed LXD - unix socket.
[[0;32m  OK  [0m] Closed ACPID Listen Socket.
[[0;32m  OK  [0m] Closed Socket activation for snappy daemon.
[[0;32m  OK  [0m] Removed slice User and Session Slice.
[[0;32m  OK  [0m] Closed D-Bus System Message Bus Socket.
[[0;32m  OK  [0m] Stopped target System Initialization.
[[0;32m  OK  [0m] Stopped target Encrypted Volumes.
         Stopping Load/Save Random Seed...
[[0;32m  OK  [0m] Stopped target Swap.
         Stopping Update UTMP about System Boot/Shutdown...
[[0;32m  OK  [0m] Stopped Commit a transient machine-id on disk.
[[0;32m  OK  [0m] Stopped target User and Group Name Lookups.
[[0;32m  OK  [0m] Stopped iSCSI initiator daemon (iscsid).
[[0;32m  OK  [0m] Stopped Load/Save Random Seed.
[[0;32m  OK  [0m] Stopped Update UTMP about System Boot/Shutdown.
[[0;32m  OK  [0m] Stopped Create Volatile Files and Directories.
[[0;32m  OK  [0m] Stopped target Network is Online.
[[0;32m  OK  [0m] Stopped Initial cloud-init job (metadata service crawler).
[[0;32m  OK  [0m] Stopped target Network.
         Stopping Raise network interfaces...
[[0;32m  OK  [0m] Stopped Raise network interfaces.
[[0;32m  OK  [0m] Stopped target Local File Systems.
         Unmounting /run/user/1000...
         Unmounting /vagrant...
[[0;32m  OK  [0m] Stopped Apply Kernel Variables.
[[0;32m  OK  [0m] Stopped Load Kernel Modules.
[[0;32m  OK  [0m] Stopped target Network (Pre).
[[0;32m  OK  [0m] Stopped Initial cloud-init job (pre-networking).
[[0;32m  OK  [0m] Unmounted /run/user/1000.
[[0;32m  OK  [0m] Unmounted /vagrant.
[[0;32m  OK  [0m] Reached target Unmount All Filesystems.
[[0;32m  OK  [0m] Stopped target Local File Systems (Pre).
         Stopping Monitoring of LVM2 mirrors... dmeventd or progress polling...
[[0;32m  OK  [0m] Stopped Create Static Device Nodes in /dev.
[[0;32m  OK  [0m] Stopped Remount Root and Kernel File Systems.
[[0;32m  OK  [0m] Reached target Shutdown.
[  728.477687] reboot: Power down
